2016/06/27 12:28:16 INFO  - jmeter.util.JMeterUtils: Setting Locale to en_US 
2016/06/27 12:28:16 INFO  - jmeter.JMeter: Copyright (c) 1998-2015 The Apache Software Foundation 
2016/06/27 12:28:16 INFO  - jmeter.JMeter: Version 2.13 r1665067 
2016/06/27 12:28:16 INFO  - jmeter.JMeter: java.version=1.8.0_25 
2016/06/27 12:28:16 INFO  - jmeter.JMeter: java.vm.name=Java HotSpot(TM) 64-Bit Server VM 
2016/06/27 12:28:16 INFO  - jmeter.JMeter: os.name=Mac OS X 
2016/06/27 12:28:16 INFO  - jmeter.JMeter: os.arch=x86_64 
2016/06/27 12:28:16 INFO  - jmeter.JMeter: os.version=10.11.4 
2016/06/27 12:28:16 INFO  - jmeter.JMeter: file.encoding=UTF-8 
2016/06/27 12:28:16 INFO  - jmeter.JMeter: Default Locale=English (United States) 
2016/06/27 12:28:16 INFO  - jmeter.JMeter: JMeter  Locale=English (United States) 
2016/06/27 12:28:16 INFO  - jmeter.JMeter: JMeterHome=/usr/local/Cellar/jmeter/2.13/libexec 
2016/06/27 12:28:16 INFO  - jmeter.JMeter: user.dir  =/Users/memius/workspace/sandbox/jmeter 
2016/06/27 12:28:16 INFO  - jmeter.JMeter: PWD       =/Users/memius/workspace/sandbox/jmeter 
2016/06/27 12:28:16 INFO  - jmeter.JMeter: IP: 192.168.1.124 Name: Dieters-MacBook-Pro.local FullName: 192.168.1.124 
2016/06/27 12:28:16 INFO  - jmeter.gui.action.LookAndFeelCommand: Using look and feel: javax.swing.plaf.metal.MetalLookAndFeel [Metal, CrossPlatform] 
2016/06/27 12:28:16 INFO  - jmeter.JMeter: Loaded icon properties from org/apache/jmeter/images/icon.properties 
2016/06/27 12:28:18 INFO  - jmeter.util.BSFTestElement: Registering JMeter version of JavaScript engine as work-round for BSF-22 
2016/06/27 12:28:18 INFO  - jmeter.protocol.http.sampler.HTTPSamplerBase: No response parsers defined: text/html only will be scanned for embedded resources 
2016/06/27 12:28:19 INFO  - jorphan.exec.KeyToolUtils: keytool found at 'keytool' 
2016/06/27 12:28:19 INFO  - jmeter.protocol.http.proxy.ProxyControl: HTTP(S) Test Script Recorder SSL Proxy will use keys that support embedded 3rd party resources in file /usr/local/Cellar/jmeter/2.13/libexec/bin/proxyserver.jks 
2016/06/27 12:28:19 INFO  - jmeter.samplers.SampleResult: Note: Sample TimeStamps are END times 
2016/06/27 12:28:19 INFO  - jmeter.samplers.SampleResult: sampleresult.default.encoding is set to ISO-8859-1 
2016/06/27 12:28:19 INFO  - jmeter.samplers.SampleResult: sampleresult.useNanoTime=true 
2016/06/27 12:28:19 INFO  - jmeter.samplers.SampleResult: sampleresult.nanoThreadSleep=5000 
2016/06/27 12:28:30 INFO  - jmeter.services.FileServer: Default base='/Users/memius/workspace/sandbox/jmeter' 
2016/06/27 12:28:30 INFO  - jmeter.gui.action.Load: Loading file: /Users/memius/workspace/sandbox/jmeter/Test Plan.jmx 
2016/06/27 12:28:30 INFO  - jmeter.services.FileServer: Set new base='/Users/memius/workspace/sandbox/jmeter' 
2016/06/27 12:28:31 INFO  - jmeter.save.SaveService: Testplan (JMX) version: 2.2. Testlog (JTL) version: 2.2 
2016/06/27 12:28:31 INFO  - jmeter.save.SaveService: Using SaveService properties file encoding UTF-8 
2016/06/27 12:28:31 INFO  - jmeter.save.SaveService: Using SaveService properties file version 1656252 
2016/06/27 12:28:31 INFO  - jmeter.save.SaveService: Using SaveService properties version 2.8 
2016/06/27 12:28:31 INFO  - jmeter.save.SaveService: All converter versions present and correct 
2016/06/27 12:28:31 INFO  - jmeter.save.SaveService: Loading file: /Users/memius/workspace/sandbox/jmeter/Test Plan.jmx 
2016/06/27 12:28:31 INFO  - jmeter.services.FileServer: Set new base='/Users/memius/workspace/sandbox/jmeter' 
